0 info it worked if it ends with ok
1 verbose cli [ 'D:\\Program Files\\nodejs\\node.exe',
1 verbose cli   'D:\\Program Files\\nodejs\\node_modules\\npm\\bin\\npm-cli.js',
1 verbose cli   'run',
1 verbose cli   'start' ]
2 info using npm@3.10.10
3 info using node@v6.11.5
4 verbose run-script [ 'prestart', 'start', 'poststart' ]
5 info lifecycle js_project@1.0.0~prestart: js_project@1.0.0
6 silly lifecycle js_project@1.0.0~prestart: no script for prestart, continuing
7 info lifecycle js_project@1.0.0~start: js_project@1.0.0
8 verbose lifecycle js_project@1.0.0~start: unsafe-perm in lifecycle true
9 verbose lifecycle js_project@1.0.0~start: PATH: D:\Program Files\nodejs\node_modules\npm\bin\node-gyp-bin;d:\EpamTraining\EpamTraining\JS\JS_Project\node_modules\.bin;C:\Program Files (x86)\AMD APP\bin\x86_64;C:\Program Files (x86)\AMD APP\bin\x86;C:\Windows\system32;C:\Windows;C:\Windows\System32\Wbem;C:\Windows\System32\WindowsPowerShell\v1.0\;C:\Program Files (x86)\ATI Technologies\ATI.ACE\Core-Static;D:\Git\cmd;C:\Program Files\TortoiseGit\bin;C:\Program Files (x86)\Skype\Phone\;D:\Program Files\nodejs\;C:\Users\Алена\AppData\Roaming\npm
10 verbose lifecycle js_project@1.0.0~start: CWD: d:\EpamTraining\EpamTraining\JS\JS_Project
11 silly lifecycle js_project@1.0.0~start: Args: [ '/d /s /c',
11 silly lifecycle   'webpack-dev-server --open --config webpack.dev.js' ]
12 silly lifecycle js_project@1.0.0~start: Returned: code: 3221225786  signal: null
13 info lifecycle js_project@1.0.0~start: Failed to exec start script
14 verbose stack Error: js_project@1.0.0 start: `webpack-dev-server --open --config webpack.dev.js`
14 verbose stack Exit status 3221225786
14 verbose stack     at EventEmitter.<anonymous> (D:\Program Files\nodejs\node_modules\npm\lib\utils\lifecycle.js:255:16)
14 verbose stack     at emitTwo (events.js:106:13)
14 verbose stack     at EventEmitter.emit (events.js:191:7)
14 verbose stack     at ChildProcess.<anonymous> (D:\Program Files\nodejs\node_modules\npm\lib\utils\spawn.js:40:14)
14 verbose stack     at emitTwo (events.js:106:13)
14 verbose stack     at ChildProcess.emit (events.js:191:7)
14 verbose stack     at maybeClose (internal/child_process.js:920:16)
14 verbose stack     at Process.ChildProcess._handle.onexit (internal/child_process.js:230:5)
15 verbose pkgid js_project@1.0.0
16 verbose cwd d:\EpamTraining\EpamTraining\JS\JS_Project\src
17 error Windows_NT 6.1.7601
18 error argv "D:\\Program Files\\nodejs\\node.exe" "D:\\Program Files\\nodejs\\node_modules\\npm\\bin\\npm-cli.js" "run" "start"
19 error node v6.11.5
20 error npm  v3.10.10
21 error code ELIFECYCLE
22 error js_project@1.0.0 start: `webpack-dev-server --open --config webpack.dev.js`
22 error Exit status 3221225786
23 error Failed at the js_project@1.0.0 start script 'webpack-dev-server --open --config webpack.dev.js'.
23 error Make sure you have the latest version of node.js and npm installed.
23 error If you do, this is most likely a problem with the js_project package,
23 error not with npm itself.
23 error Tell the author that this fails on your system:
23 error     webpack-dev-server --open --config webpack.dev.js
23 error You can get information on how to open an issue for this project with:
23 error     npm bugs js_project
23 error Or if that isn't available, you can get their info via:
23 error     npm owner ls js_project
23 error There is likely additional logging output above.
24 verbose exit [ 1, true ]
